
**** Build of configuration Debug for project Sine_wave_generator ****

"C:\\ti\\ccsv8\\utils\\bin\\gmake" -k -j 8 all -O 
 
Building file: "../dsp_bios_.tcf"
Invoking: TConf
"C:/ti/bios_5_42_02_10/xdctools/tconf" -b -Dconfig.importPath="C:/ti/bios_5_42_02_10/packages;" "../dsp_bios_.tcf"
Finished building: "../dsp_bios_.tcf"
 
Building file: "dsp_bios_cfg_c.c"
Invoking: C6000 Compiler
"C:/ti/ccsv8/tools/compiler/c6000_7.4.23/bin/cl6x" -mv6700 --abi=coffabi -g --include_path="H:/RTDSPlab/lab2/Sine_wave_generator" --include_path="C:/ti/ccsv8/tools/compiler/c6000_7.4.23/include" --include_path="H:/RTDSPlab/lab2/Sine_wave_generator/Debug" --include_path="C:/ti/bios_5_42_02_10/packages/ti/bios/include" --include_path="C:/ti/bios_5_42_02_10/packages/ti/rtdx/include/c6000" --include_path="C:/ti/ccsv8/C6000/dsk6713/include" --include_path="C:/ti/ccsv8/C6000/csl/include" --define=c6713 --define="_DEBUG" --define="CHIP_6713" --diag_wrap=off --display_error_number --diag_warning=225 --preproc_with_compile --preproc_dependency="dsp_bios_cfg_c.d_raw"  "dsp_bios_cfg_c.c"
Finished building: "dsp_bios_cfg_c.c"
 
Building file: "../sine.c"
Invoking: C6000 Compiler
"C:/ti/ccsv8/tools/compiler/c6000_7.4.23/bin/cl6x" -mv6700 --abi=coffabi -g --include_path="H:/RTDSPlab/lab2/Sine_wave_generator" --include_path="C:/ti/ccsv8/tools/compiler/c6000_7.4.23/include" --include_path="H:/RTDSPlab/lab2/Sine_wave_generator/Debug" --include_path="C:/ti/bios_5_42_02_10/packages/ti/bios/include" --include_path="C:/ti/bios_5_42_02_10/packages/ti/rtdx/include/c6000" --include_path="C:/ti/ccsv8/C6000/dsk6713/include" --include_path="C:/ti/ccsv8/C6000/csl/include" --define=c6713 --define="_DEBUG" --define="CHIP_6713" --diag_wrap=off --display_error_number --diag_warning=225 --preproc_with_compile --preproc_dependency="sine.d_raw"  "../sine.c"
Finished building: "../sine.c"
 
Building file: "dsp_bios_cfg.s??"
Invoking: C6000 Compiler
"C:/ti/ccsv8/tools/compiler/c6000_7.4.23/bin/cl6x" -mv6700 --abi=coffabi -g --include_path="H:/RTDSPlab/lab2/Sine_wave_generator" --include_path="C:/ti/ccsv8/tools/compiler/c6000_7.4.23/include" --include_path="H:/RTDSPlab/lab2/Sine_wave_generator/Debug" --include_path="C:/ti/bios_5_42_02_10/packages/ti/bios/include" --include_path="C:/ti/bios_5_42_02_10/packages/ti/rtdx/include/c6000" --include_path="C:/ti/ccsv8/C6000/dsk6713/include" --include_path="C:/ti/ccsv8/C6000/csl/include" --define=c6713 --define="_DEBUG" --define="CHIP_6713" --diag_wrap=off --display_error_number --diag_warning=225 --preproc_with_compile --preproc_dependency="dsp_bios_cfg.d_raw"  "dsp_bios_cfg.s??"
Finished building: "dsp_bios_cfg.s??"
 
Building target: "Sine_wave_generator.out"
Invoking: C6000 Linker
"C:/ti/ccsv8/tools/compiler/c6000_7.4.23/bin/cl6x" -mv6700 --abi=coffabi -g --define=c6713 --define="_DEBUG" --define="CHIP_6713" --diag_wrap=off --display_error_number --diag_warning=225 -z --stack_size=0x800 -m"Sine_wave_generator.map" --heap_size=0x800 -i"C:/ti/ccsv8/tools/compiler/c6000_7.4.23/lib" -i"C:/ti/ccsv8/tools/compiler/c6000_7.4.23/include" -i"C:/ti/bios_5_42_02_10/packages/ti/rtdx/lib/c6000" -i"C:/ti/bios_5_42_02_10/packages/ti/bios/lib" --reread_libs --display_error_number --warn_sections --diag_wrap=off --xml_link_info="Sine_wave_generator_linkInfo.xml" --rom_model -o "Sine_wave_generator.out" "./dsp_bios_cfg.obj" "./dsp_bios_cfg_c.obj" "./sine.obj" -l"./dsp_bios_cfg.cmd" -lrts6700.lib -l"C:/ti/ccsv8/C6000/csl/lib/csl6713.lib" -l"C:/ti/ccsv8/C6000/dsk6713/lib/dsk6713bslccsv4.lib" 
<Linking>
Finished building target: "Sine_wave_generator.out"
 

**** Build Finished ****

**** Build of configuration Debug for project Sine_wave_generator ****

"C:\\ti\\ccsv8\\utils\\bin\\gmake" -k -j 8 all -O 
 
gmake[1]: 'Sine_wave_generator.out' is up to date.

**** Build Finished ****

**** Build of configuration Debug for project Sine_wave_generator ****

"C:\\ti\\ccsv8\\utils\\bin\\gmake" -k -j 8 all -O 
 
gmake[1]: 'Sine_wave_generator.out' is up to date.

**** Build Finished ****

**** Build of configuration Debug for project Sine_wave_generator ****

"C:\\ti\\ccsv8\\utils\\bin\\gmake" -k -j 8 all -O 
 
gmake[1]: 'Sine_wave_generator.out' is up to date.

**** Build Finished ****

**** Build of configuration Debug for project Sine_wave_generator ****

"C:\\ti\\ccsv8\\utils\\bin\\gmake" -k -j 8 all -O 
 
Building file: "../sine.c"
Invoking: C6000 Compiler
"C:/ti/ccsv8/tools/compiler/c6000_7.4.23/bin/cl6x" -mv6700 --abi=coffabi -g --include_path="H:/RTDSPlab/lab2/Sine_wave_generator" --include_path="C:/ti/ccsv8/tools/compiler/c6000_7.4.23/include" --include_path="H:/RTDSPlab/lab2/Sine_wave_generator/Debug" --include_path="C:/ti/bios_5_42_02_10/packages/ti/bios/include" --include_path="C:/ti/bios_5_42_02_10/packages/ti/rtdx/include/c6000" --include_path="C:/ti/ccsv8/C6000/dsk6713/include" --include_path="C:/ti/ccsv8/C6000/csl/include" --define=c6713 --define="_DEBUG" --define="CHIP_6713" --diag_wrap=off --display_error_number --diag_warning=225 --preproc_with_compile --preproc_dependency="sine.d_raw"  "../sine.c"
 
>> Compilation failure
subdir_rules.mk:40: recipe for target 'sine.obj' failed
"../sine.c", line 175: warning #225-D: function declared implicitly
"../sine.c", line 175: error #18: expected a ")"
"../sine.c", line 176: error #66: expected a ";"
"../sine.c", line 178: warning #994-D: missing return statement at end of non-void function "sinegen"
2 errors detected in the compilation of "../sine.c".
gmake: *** [sine.obj] Error 1
gmake: Target 'all' not remade because of errors.

**** Build Finished ****

**** Build of configuration Debug for project Sine_wave_generator ****

"C:\\ti\\ccsv8\\utils\\bin\\gmake" -k -j 8 all -O 
 
Building file: "../sine.c"
Invoking: C6000 Compiler
"C:/ti/ccsv8/tools/compiler/c6000_7.4.23/bin/cl6x" -mv6700 --abi=coffabi -g --include_path="H:/RTDSPlab/lab2/Sine_wave_generator" --include_path="C:/ti/ccsv8/tools/compiler/c6000_7.4.23/include" --include_path="H:/RTDSPlab/lab2/Sine_wave_generator/Debug" --include_path="C:/ti/bios_5_42_02_10/packages/ti/bios/include" --include_path="C:/ti/bios_5_42_02_10/packages/ti/rtdx/include/c6000" --include_path="C:/ti/ccsv8/C6000/dsk6713/include" --include_path="C:/ti/ccsv8/C6000/csl/include" --define=c6713 --define="_DEBUG" --define="CHIP_6713" --diag_wrap=off --display_error_number --diag_warning=225 --preproc_with_compile --preproc_dependency="sine.d_raw"  "../sine.c"
 
>> Compilation failure
subdir_rules.mk:40: recipe for target 'sine.obj' failed
"../sine.c", line 175: warning #225-D: function declared implicitly
"../sine.c", line 175: error #18: expected a ")"
"../sine.c", line 176: error #66: expected a ";"
"../sine.c", line 178: warning #994-D: missing return statement at end of non-void function "sinegen"
2 errors detected in the compilation of "../sine.c".
gmake: *** [sine.obj] Error 1
gmake: Target 'all' not remade because of errors.

**** Build Finished ****

**** Build of configuration Debug for project Sine_wave_generator ****

"C:\\ti\\ccsv8\\utils\\bin\\gmake" -k -j 8 all -O 
 
Building file: "../sine.c"
Invoking: C6000 Compiler
"C:/ti/ccsv8/tools/compiler/c6000_7.4.23/bin/cl6x" -mv6700 --abi=coffabi -g --include_path="H:/RTDSPlab/lab2/Sine_wave_generator" --include_path="C:/ti/ccsv8/tools/compiler/c6000_7.4.23/include" --include_path="H:/RTDSPlab/lab2/Sine_wave_generator/Debug" --include_path="C:/ti/bios_5_42_02_10/packages/ti/bios/include" --include_path="C:/ti/bios_5_42_02_10/packages/ti/rtdx/include/c6000" --include_path="C:/ti/ccsv8/C6000/dsk6713/include" --include_path="C:/ti/ccsv8/C6000/csl/include" --define=c6713 --define="_DEBUG" --define="CHIP_6713" --diag_wrap=off --display_error_number --diag_warning=225 --preproc_with_compile --preproc_dependency="sine.d_raw"  "../sine.c"
Finished building: "../sine.c"
 
Building target: "Sine_wave_generator.out"
Invoking: C6000 Linker
"C:/ti/ccsv8/tools/compiler/c6000_7.4.23/bin/cl6x" -mv6700 --abi=coffabi -g --define=c6713 --define="_DEBUG" --define="CHIP_6713" --diag_wrap=off --display_error_number --diag_warning=225 -z --stack_size=0x800 -m"Sine_wave_generator.map" --heap_size=0x800 -i"C:/ti/ccsv8/tools/compiler/c6000_7.4.23/lib" -i"C:/ti/ccsv8/tools/compiler/c6000_7.4.23/include" -i"C:/ti/bios_5_42_02_10/packages/ti/rtdx/lib/c6000" -i"C:/ti/bios_5_42_02_10/packages/ti/bios/lib" --reread_libs --display_error_number --warn_sections --diag_wrap=off --xml_link_info="Sine_wave_generator_linkInfo.xml" --rom_model -o "Sine_wave_generator.out" "./dsp_bios_cfg.obj" "./dsp_bios_cfg_c.obj" "./sine.obj" -l"./dsp_bios_cfg.cmd" -lrts6700.lib -l"C:/ti/ccsv8/C6000/csl/lib/csl6713.lib" -l"C:/ti/ccsv8/C6000/dsk6713/lib/dsk6713bslccsv4.lib" 
<Linking>
Finished building target: "Sine_wave_generator.out"
 

**** Build Finished ****

**** Build of configuration Debug for project Sine_wave_generator ****

"C:\\ti\\ccsv8\\utils\\bin\\gmake" -k -j 8 all -O 
 
Building file: "../sine.c"
Invoking: C6000 Compiler
"C:/ti/ccsv8/tools/compiler/c6000_7.4.23/bin/cl6x" -mv6700 --abi=coffabi -g --include_path="H:/RTDSPlab/lab2/Sine_wave_generator" --include_path="C:/ti/ccsv8/tools/compiler/c6000_7.4.23/include" --include_path="H:/RTDSPlab/lab2/Sine_wave_generator/Debug" --include_path="C:/ti/bios_5_42_02_10/packages/ti/bios/include" --include_path="C:/ti/bios_5_42_02_10/packages/ti/rtdx/include/c6000" --include_path="C:/ti/ccsv8/C6000/dsk6713/include" --include_path="C:/ti/ccsv8/C6000/csl/include" --define=c6713 --define="_DEBUG" --define="CHIP_6713" --diag_wrap=off --display_error_number --diag_warning=225 --preproc_with_compile --preproc_dependency="sine.d_raw"  "../sine.c"
 
>> Compilation failure
subdir_rules.mk:40: recipe for target 'sine.obj' failed
"../sine.c", line 175: warning #225-D: function declared implicitly
"../sine.c", line 176: error #66: expected a ";"
"../sine.c", line 178: warning #994-D: missing return statement at end of non-void function "sinegen"
1 error detected in the compilation of "../sine.c".
gmake: *** [sine.obj] Error 1
gmake: Target 'all' not remade because of errors.

**** Build Finished ****

**** Build of configuration Debug for project Sine_wave_generator ****

"C:\\ti\\ccsv8\\utils\\bin\\gmake" -k -j 8 all -O 
 
Building file: "../sine.c"
Invoking: C6000 Compiler
"C:/ti/ccsv8/tools/compiler/c6000_7.4.23/bin/cl6x" -mv6700 --abi=coffabi -g --include_path="H:/RTDSPlab/lab2/Sine_wave_generator" --include_path="C:/ti/ccsv8/tools/compiler/c6000_7.4.23/include" --include_path="H:/RTDSPlab/lab2/Sine_wave_generator/Debug" --include_path="C:/ti/bios_5_42_02_10/packages/ti/bios/include" --include_path="C:/ti/bios_5_42_02_10/packages/ti/rtdx/include/c6000" --include_path="C:/ti/ccsv8/C6000/dsk6713/include" --include_path="C:/ti/ccsv8/C6000/csl/include" --define=c6713 --define="_DEBUG" --define="CHIP_6713" --diag_wrap=off --display_error_number --diag_warning=225 --preproc_with_compile --preproc_dependency="sine.d_raw"  "../sine.c"
Finished building: "../sine.c"
 
Building target: "Sine_wave_generator.out"
Invoking: C6000 Linker
"C:/ti/ccsv8/tools/compiler/c6000_7.4.23/bin/cl6x" -mv6700 --abi=coffabi -g --define=c6713 --define="_DEBUG" --define="CHIP_6713" --diag_wrap=off --display_error_number --diag_warning=225 -z --stack_size=0x800 -m"Sine_wave_generator.map" --heap_size=0x800 -i"C:/ti/ccsv8/tools/compiler/c6000_7.4.23/lib" -i"C:/ti/ccsv8/tools/compiler/c6000_7.4.23/include" -i"C:/ti/bios_5_42_02_10/packages/ti/rtdx/lib/c6000" -i"C:/ti/bios_5_42_02_10/packages/ti/bios/lib" --reread_libs --display_error_number --warn_sections --diag_wrap=off --xml_link_info="Sine_wave_generator_linkInfo.xml" --rom_model -o "Sine_wave_generator.out" "./dsp_bios_cfg.obj" "./dsp_bios_cfg_c.obj" "./sine.obj" -l"./dsp_bios_cfg.cmd" -lrts6700.lib -l"C:/ti/ccsv8/C6000/csl/lib/csl6713.lib" -l"C:/ti/ccsv8/C6000/dsk6713/lib/dsk6713bslccsv4.lib" 
<Linking>
Finished building target: "Sine_wave_generator.out"
 

**** Build Finished ****

**** Build of configuration Debug for project Sine_wave_generator ****

"C:\\ti\\ccsv8\\utils\\bin\\gmake" -k -j 8 all -O 
 
gmake[1]: 'Sine_wave_generator.out' is up to date.

**** Build Finished ****

**** Build of configuration Debug for project Sine_wave_generator ****

"C:\\ti\\ccsv8\\utils\\bin\\gmake" -k -j 8 all -O 
 
Building file: "../sine.c"
Invoking: C6000 Compiler
"C:/ti/ccsv8/tools/compiler/c6000_7.4.23/bin/cl6x" -mv6700 --abi=coffabi -g --include_path="H:/RTDSPlab/lab2/Sine_wave_generator" --include_path="C:/ti/ccsv8/tools/compiler/c6000_7.4.23/include" --include_path="H:/RTDSPlab/lab2/Sine_wave_generator/Debug" --include_path="C:/ti/bios_5_42_02_10/packages/ti/bios/include" --include_path="C:/ti/bios_5_42_02_10/packages/ti/rtdx/include/c6000" --include_path="C:/ti/ccsv8/C6000/dsk6713/include" --include_path="C:/ti/ccsv8/C6000/csl/include" --define=c6713 --define="_DEBUG" --define="CHIP_6713" --diag_wrap=off --display_error_number --diag_warning=225 --preproc_with_compile --preproc_dependency="sine.d_raw"  "../sine.c"
 
>> Compilation failure
subdir_rules.mk:40: recipe for target 'sine.obj' failed
"../sine.c", line 176: warning #225-D: function declared implicitly
"../sine.c", line 178: error #66: expected a ";"
"../sine.c", line 180: warning #994-D: missing return statement at end of non-void function "sinegen"
1 error detected in the compilation of "../sine.c".
gmake: *** [sine.obj] Error 1
gmake: Target 'all' not remade because of errors.

**** Build Finished ****

**** Build of configuration Debug for project Sine_wave_generator ****

"C:\\ti\\ccsv8\\utils\\bin\\gmake" -k -j 8 all -O 
 
Building file: "../sine.c"
Invoking: C6000 Compiler
"C:/ti/ccsv8/tools/compiler/c6000_7.4.23/bin/cl6x" -mv6700 --abi=coffabi -g --include_path="H:/RTDSPlab/lab2/Sine_wave_generator" --include_path="C:/ti/ccsv8/tools/compiler/c6000_7.4.23/include" --include_path="H:/RTDSPlab/lab2/Sine_wave_generator/Debug" --include_path="C:/ti/bios_5_42_02_10/packages/ti/bios/include" --include_path="C:/ti/bios_5_42_02_10/packages/ti/rtdx/include/c6000" --include_path="C:/ti/ccsv8/C6000/dsk6713/include" --include_path="C:/ti/ccsv8/C6000/csl/include" --define=c6713 --define="_DEBUG" --define="CHIP_6713" --diag_wrap=off --display_error_number --diag_warning=225 --preproc_with_compile --preproc_dependency="sine.d_raw"  "../sine.c"
 
>> Compilation failure
subdir_rules.mk:40: recipe for target 'sine.obj' failed
"../sine.c", line 176: warning #225-D: function declared implicitly
"../sine.c", line 178: error #66: expected a ";"
"../sine.c", line 180: warning #994-D: missing return statement at end of non-void function "sinegen"
1 error detected in the compilation of "../sine.c".
gmake: *** [sine.obj] Error 1
gmake: Target 'all' not remade because of errors.

**** Build Finished ****

**** Build of configuration Debug for project Sine_wave_generator ****

"C:\\ti\\ccsv8\\utils\\bin\\gmake" -k -j 8 all -O 
 
Building file: "../sine.c"
Invoking: C6000 Compiler
"C:/ti/ccsv8/tools/compiler/c6000_7.4.23/bin/cl6x" -mv6700 --abi=coffabi -g --include_path="H:/RTDSPlab/lab2/Sine_wave_generator" --include_path="C:/ti/ccsv8/tools/compiler/c6000_7.4.23/include" --include_path="H:/RTDSPlab/lab2/Sine_wave_generator/Debug" --include_path="C:/ti/bios_5_42_02_10/packages/ti/bios/include" --include_path="C:/ti/bios_5_42_02_10/packages/ti/rtdx/include/c6000" --include_path="C:/ti/ccsv8/C6000/dsk6713/include" --include_path="C:/ti/ccsv8/C6000/csl/include" --define=c6713 --define="_DEBUG" --define="CHIP_6713" --diag_wrap=off --display_error_number --diag_warning=225 --preproc_with_compile --preproc_dependency="sine.d_raw"  "../sine.c"
"../sine.c", line 176: warning #225-D: function declared implicitly
Finished building: "../sine.c"
 
Building target: "Sine_wave_generator.out"
Invoking: C6000 Linker
"C:/ti/ccsv8/tools/compiler/c6000_7.4.23/bin/cl6x" -mv6700 --abi=coffabi -g --define=c6713 --define="_DEBUG" --define="CHIP_6713" --diag_wrap=off --display_error_number --diag_warning=225 -z --stack_size=0x800 -m"Sine_wave_generator.map" --heap_size=0x800 -i"C:/ti/ccsv8/tools/compiler/c6000_7.4.23/lib" -i"C:/ti/ccsv8/tools/compiler/c6000_7.4.23/include" -i"C:/ti/bios_5_42_02_10/packages/ti/rtdx/lib/c6000" -i"C:/ti/bios_5_42_02_10/packages/ti/bios/lib" --reread_libs --display_error_number --warn_sections --diag_wrap=off --xml_link_info="Sine_wave_generator_linkInfo.xml" --rom_model -o "Sine_wave_generator.out" "./dsp_bios_cfg.obj" "./dsp_bios_cfg_c.obj" "./sine.obj" -l"./dsp_bios_cfg.cmd" -lrts6700.lib -l"C:/ti/ccsv8/C6000/csl/lib/csl6713.lib" -l"C:/ti/ccsv8/C6000/dsk6713/lib/dsk6713bslccsv4.lib" 
<Linking>
 
 undefined first referenced
 
  symbol       in file     
>> Compilation failure
makefile:144: recipe for target 'Sine_wave_generator.out' failed
 --------- ----------------
 _print    ./sine.obj      
 
error #10234-D: unresolved symbols remain
error #10010: errors encountered during linking; "Sine_wave_generator.out" not built
gmake[1]: *** [Sine_wave_generator.out] Error 1
gmake: *** [all] Error 2
makefile:140: recipe for target 'all' failed

**** Build Finished ****

**** Build of configuration Debug for project Sine_wave_generator ****

"C:\\ti\\ccsv8\\utils\\bin\\gmake" -k -j 8 all -O 
 
Building file: "../sine.c"
Invoking: C6000 Compiler
"C:/ti/ccsv8/tools/compiler/c6000_7.4.23/bin/cl6x" -mv6700 --abi=coffabi -g --include_path="H:/RTDSPlab/lab2/Sine_wave_generator" --include_path="C:/ti/ccsv8/tools/compiler/c6000_7.4.23/include" --include_path="H:/RTDSPlab/lab2/Sine_wave_generator/Debug" --include_path="C:/ti/bios_5_42_02_10/packages/ti/bios/include" --include_path="C:/ti/bios_5_42_02_10/packages/ti/rtdx/include/c6000" --include_path="C:/ti/ccsv8/C6000/dsk6713/include" --include_path="C:/ti/ccsv8/C6000/csl/include" --define=c6713 --define="_DEBUG" --define="CHIP_6713" --diag_wrap=off --display_error_number --diag_warning=225 --preproc_with_compile --preproc_dependency="sine.d_raw"  "../sine.c"
Finished building: "../sine.c"
 
Building target: "Sine_wave_generator.out"
Invoking: C6000 Linker
"C:/ti/ccsv8/tools/compiler/c6000_7.4.23/bin/cl6x" -mv6700 --abi=coffabi -g --define=c6713 --define="_DEBUG" --define="CHIP_6713" --diag_wrap=off --display_error_number --diag_warning=225 -z --stack_size=0x800 -m"Sine_wave_generator.map" --heap_size=0x800 -i"C:/ti/ccsv8/tools/compiler/c6000_7.4.23/lib" -i"C:/ti/ccsv8/tools/compiler/c6000_7.4.23/include" -i"C:/ti/bios_5_42_02_10/packages/ti/rtdx/lib/c6000" -i"C:/ti/bios_5_42_02_10/packages/ti/bios/lib" --reread_libs --display_error_number --warn_sections --diag_wrap=off --xml_link_info="Sine_wave_generator_linkInfo.xml" --rom_model -o "Sine_wave_generator.out" "./dsp_bios_cfg.obj" "./dsp_bios_cfg_c.obj" "./sine.obj" -l"./dsp_bios_cfg.cmd" -lrts6700.lib -l"C:/ti/ccsv8/C6000/csl/lib/csl6713.lib" -l"C:/ti/ccsv8/C6000/dsk6713/lib/dsk6713bslccsv4.lib" 
<Linking>
Finished building target: "Sine_wave_generator.out"
 

**** Build Finished ****

**** Build of configuration Debug for project Sine_wave_generator ****

"C:\\ti\\ccsv8\\utils\\bin\\gmake" -k -j 8 all -O 
 
Building file: "../sine.c"
Invoking: C6000 Compiler
"C:/ti/ccsv8/tools/compiler/c6000_7.4.23/bin/cl6x" -mv6700 --abi=coffabi -g --include_path="H:/RTDSPlab/lab2/Sine_wave_generator" --include_path="C:/ti/ccsv8/tools/compiler/c6000_7.4.23/include" --include_path="H:/RTDSPlab/lab2/Sine_wave_generator/Debug" --include_path="C:/ti/bios_5_42_02_10/packages/ti/bios/include" --include_path="C:/ti/bios_5_42_02_10/packages/ti/rtdx/include/c6000" --include_path="C:/ti/ccsv8/C6000/dsk6713/include" --include_path="C:/ti/ccsv8/C6000/csl/include" --define=c6713 --define="_DEBUG" --define="CHIP_6713" --diag_wrap=off --display_error_number --diag_warning=225 --preproc_with_compile --preproc_dependency="sine.d_raw"  "../sine.c"
 
>> Compilation failure
subdir_rules.mk:40: recipe for target 'sine.obj' failed
"../sine.c", line 114: warning #225-D: function declared implicitly
"../sine.c", line 114: error #18: expected a ")"
1 error detected in the compilation of "../sine.c".
gmake: *** [sine.obj] Error 1
gmake: Target 'all' not remade because of errors.

**** Build Finished ****

**** Build of configuration Debug for project Sine_wave_generator ****

"C:\\ti\\ccsv8\\utils\\bin\\gmake" -k -j 8 all -O 
 
Building file: "../sine.c"
Invoking: C6000 Compiler
"C:/ti/ccsv8/tools/compiler/c6000_7.4.23/bin/cl6x" -mv6700 --abi=coffabi -g --include_path="H:/RTDSPlab/lab2/Sine_wave_generator" --include_path="C:/ti/ccsv8/tools/compiler/c6000_7.4.23/include" --include_path="H:/RTDSPlab/lab2/Sine_wave_generator/Debug" --include_path="C:/ti/bios_5_42_02_10/packages/ti/bios/include" --include_path="C:/ti/bios_5_42_02_10/packages/ti/rtdx/include/c6000" --include_path="C:/ti/ccsv8/C6000/dsk6713/include" --include_path="C:/ti/ccsv8/C6000/csl/include" --define=c6713 --define="_DEBUG" --define="CHIP_6713" --diag_wrap=off --display_error_number --diag_warning=225 --preproc_with_compile --preproc_dependency="sine.d_raw"  "../sine.c"
"../sine.c", line 114: warning #225-D: function declared implicitly
Finished building: "../sine.c"
 
Building target: "Sine_wave_generator.out"
Invoking: C6000 Linker
"C:/ti/ccsv8/tools/compiler/c6000_7.4.23/bin/cl6x" -mv6700 --abi=coffabi -g --define=c6713 --define="_DEBUG" --define="CHIP_6713" --diag_wrap=off --display_error_number --diag_warning=225 -z --stack_size=0x800 -m"Sine_wave_generator.map" --heap_size=0x800 -i"C:/ti/ccsv8/tools/compiler/c6000_7.4.23/lib" -i"C:/ti/ccsv8/tools/compiler/c6000_7.4.23/include" -i"C:/ti/bios_5_42_02_10/packages/ti/rtdx/lib/c6000" -i"C:/ti/bios_5_42_02_10/packages/ti/bios/lib" --reread_libs --display_error_number --warn_sections --diag_wrap=off --xml_link_info="Sine_wave_generator_linkInfo.xml" --rom_model -o "Sine_wave_generator.out" "./dsp_bios_cfg.obj" "./dsp_bios_cfg_c.obj" "./sine.obj" -l"./dsp_bios_cfg.cmd" -lrts6700.lib -l"C:/ti/ccsv8/C6000/csl/lib/csl6713.lib" -l"C:/ti/ccsv8/C6000/dsk6713/lib/dsk6713bslccsv4.lib" 
<Linking>
 
 undefined first referenced
 
  symbol       in file     
>> Compilation failure
makefile:144: recipe for target 'Sine_wave_generator.out' failed
 --------- ----------------
 _print    ./sine.obj      
 
error #10234-D: unresolved symbols remain
error #10010: errors encountered during linking; "Sine_wave_generator.out" not built
gmake[1]: *** [Sine_wave_generator.out] Error 1
gmake: *** [all] Error 2
makefile:140: recipe for target 'all' failed

**** Build Finished ****

**** Build of configuration Debug for project Sine_wave_generator ****

"C:\\ti\\ccsv8\\utils\\bin\\gmake" -k -j 8 all -O 
 
Building file: "../sine.c"
Invoking: C6000 Compiler
"C:/ti/ccsv8/tools/compiler/c6000_7.4.23/bin/cl6x" -mv6700 --abi=coffabi -g --include_path="H:/RTDSPlab/lab2/Sine_wave_generator" --include_path="C:/ti/ccsv8/tools/compiler/c6000_7.4.23/include" --include_path="H:/RTDSPlab/lab2/Sine_wave_generator/Debug" --include_path="C:/ti/bios_5_42_02_10/packages/ti/bios/include" --include_path="C:/ti/bios_5_42_02_10/packages/ti/rtdx/include/c6000" --include_path="C:/ti/ccsv8/C6000/dsk6713/include" --include_path="C:/ti/ccsv8/C6000/csl/include" --define=c6713 --define="_DEBUG" --define="CHIP_6713" --diag_wrap=off --display_error_number --diag_warning=225 --preproc_with_compile --preproc_dependency="sine.d_raw"  "../sine.c"
 
>> Compilation failure
subdir_rules.mk:40: recipe for target 'sine.obj' failed
"../sine.c", line 114: error #169: argument of type "float" is incompatible with parameter of type "const char *"
1 error detected in the compilation of "../sine.c".
gmake: *** [sine.obj] Error 1
gmake: Target 'all' not remade because of errors.

**** Build Finished ****

**** Build of configuration Debug for project Sine_wave_generator ****

"C:\\ti\\ccsv8\\utils\\bin\\gmake" -k -j 8 all -O 
 
Building file: "../sine.c"
Invoking: C6000 Compiler
"C:/ti/ccsv8/tools/compiler/c6000_7.4.23/bin/cl6x" -mv6700 --abi=coffabi -g --include_path="H:/RTDSPlab/lab2/Sine_wave_generator" --include_path="C:/ti/ccsv8/tools/compiler/c6000_7.4.23/include" --include_path="H:/RTDSPlab/lab2/Sine_wave_generator/Debug" --include_path="C:/ti/bios_5_42_02_10/packages/ti/bios/include" --include_path="C:/ti/bios_5_42_02_10/packages/ti/rtdx/include/c6000" --include_path="C:/ti/ccsv8/C6000/dsk6713/include" --include_path="C:/ti/ccsv8/C6000/csl/include" --define=c6713 --define="_DEBUG" --define="CHIP_6713" --diag_wrap=off --display_error_number --diag_warning=225 --preproc_with_compile --preproc_dependency="sine.d_raw"  "../sine.c"
Finished building: "../sine.c"
 
Building target: "Sine_wave_generator.out"
Invoking: C6000 Linker
"C:/ti/ccsv8/tools/compiler/c6000_7.4.23/bin/cl6x" -mv6700 --abi=coffabi -g --define=c6713 --define="_DEBUG" --define="CHIP_6713" --diag_wrap=off --display_error_number --diag_warning=225 -z --stack_size=0x800 -m"Sine_wave_generator.map" --heap_size=0x800 -i"C:/ti/ccsv8/tools/compiler/c6000_7.4.23/lib" -i"C:/ti/ccsv8/tools/compiler/c6000_7.4.23/include" -i"C:/ti/bios_5_42_02_10/packages/ti/rtdx/lib/c6000" -i"C:/ti/bios_5_42_02_10/packages/ti/bios/lib" --reread_libs --display_error_number --warn_sections --diag_wrap=off --xml_link_info="Sine_wave_generator_linkInfo.xml" --rom_model -o "Sine_wave_generator.out" "./dsp_bios_cfg.obj" "./dsp_bios_cfg_c.obj" "./sine.obj" -l"./dsp_bios_cfg.cmd" -lrts6700.lib -l"C:/ti/ccsv8/C6000/csl/lib/csl6713.lib" -l"C:/ti/ccsv8/C6000/dsk6713/lib/dsk6713bslccsv4.lib" 
<Linking>
Finished building target: "Sine_wave_generator.out"
 

**** Build Finished ****

**** Build of configuration Debug for project Sine_wave_generator ****

"C:\\ti\\ccsv8\\utils\\bin\\gmake" -k -j 8 all -O 
 
gmake[1]: 'Sine_wave_generator.out' is up to date.

**** Build Finished ****

**** Build of configuration Debug for project Sine_wave_generator ****

"C:\\ti\\ccsv8\\utils\\bin\\gmake" -k -j 8 all -O 
 
Building file: "../sine.c"
Invoking: C6000 Compiler
"C:/ti/ccsv8/tools/compiler/c6000_7.4.23/bin/cl6x" -mv6700 --abi=coffabi -g --include_path="H:/RTDSPlab/lab2/Sine_wave_generator" --include_path="C:/ti/ccsv8/tools/compiler/c6000_7.4.23/include" --include_path="H:/RTDSPlab/lab2/Sine_wave_generator/Debug" --include_path="C:/ti/bios_5_42_02_10/packages/ti/bios/include" --include_path="C:/ti/bios_5_42_02_10/packages/ti/rtdx/include/c6000" --include_path="C:/ti/ccsv8/C6000/dsk6713/include" --include_path="C:/ti/ccsv8/C6000/csl/include" --define=c6713 --define="_DEBUG" --define="CHIP_6713" --diag_wrap=off --display_error_number --diag_warning=225 --preproc_with_compile --preproc_dependency="sine.d_raw"  "../sine.c"
Finished building: "../sine.c"
 
Building target: "Sine_wave_generator.out"
Invoking: C6000 Linker
"C:/ti/ccsv8/tools/compiler/c6000_7.4.23/bin/cl6x" -mv6700 --abi=coffabi -g --define=c6713 --define="_DEBUG" --define="CHIP_6713" --diag_wrap=off --display_error_number --diag_warning=225 -z --stack_size=0x800 -m"Sine_wave_generator.map" --heap_size=0x800 -i"C:/ti/ccsv8/tools/compiler/c6000_7.4.23/lib" -i"C:/ti/ccsv8/tools/compiler/c6000_7.4.23/include" -i"C:/ti/bios_5_42_02_10/packages/ti/rtdx/lib/c6000" -i"C:/ti/bios_5_42_02_10/packages/ti/bios/lib" --reread_libs --display_error_number --warn_sections --diag_wrap=off --xml_link_info="Sine_wave_generator_linkInfo.xml" --rom_model -o "Sine_wave_generator.out" "./dsp_bios_cfg.obj" "./dsp_bios_cfg_c.obj" "./sine.obj" -l"./dsp_bios_cfg.cmd" -lrts6700.lib -l"C:/ti/ccsv8/C6000/csl/lib/csl6713.lib" -l"C:/ti/ccsv8/C6000/dsk6713/lib/dsk6713bslccsv4.lib" 
<Linking>
Finished building target: "Sine_wave_generator.out"
 

**** Build Finished ****

**** Build of configuration Debug for project Sine_wave_generator ****

"C:\\ti\\ccsv8\\utils\\bin\\gmake" -k -j 8 all -O 
 
gmake[1]: 'Sine_wave_generator.out' is up to date.

**** Build Finished ****

**** Build of configuration Debug for project Sine_wave_generator ****

"C:\\ti\\ccsv8\\utils\\bin\\gmake" -k -j 8 all -O 
 
Building file: "../sine.c"
Invoking: C6000 Compiler
"C:/ti/ccsv8/tools/compiler/c6000_7.4.23/bin/cl6x" -mv6700 --abi=coffabi -g --include_path="H:/RTDSPlab/lab2/Sine_wave_generator" --include_path="C:/ti/ccsv8/tools/compiler/c6000_7.4.23/include" --include_path="H:/RTDSPlab/lab2/Sine_wave_generator/Debug" --include_path="C:/ti/bios_5_42_02_10/packages/ti/bios/include" --include_path="C:/ti/bios_5_42_02_10/packages/ti/rtdx/include/c6000" --include_path="C:/ti/ccsv8/C6000/dsk6713/include" --include_path="C:/ti/ccsv8/C6000/csl/include" --define=c6713 --define="_DEBUG" --define="CHIP_6713" --diag_wrap=off --display_error_number --diag_warning=225 --preproc_with_compile --preproc_dependency="sine.d_raw"  "../sine.c"
 
>> Compilation failure
subdir_rules.mk:40: recipe for target 'sine.obj' failed
"../sine.c", line 112: warning #225-D: function declared implicitly
"../sine.c", line 187: error #29: expected an expression
"../sine.c", line 187: error #20: identifier "i" is undefined
"../sine.c", line 189: error #66: expected a ";"
3 errors detected in the compilation of "../sine.c".
gmake: *** [sine.obj] Error 1
gmake: Target 'all' not remade because of errors.

**** Build Finished ****

**** Build of configuration Debug for project Sine_wave_generator ****

"C:\\ti\\ccsv8\\utils\\bin\\gmake" -k -j 8 all -O 
 
Building file: "../sine.c"
Invoking: C6000 Compiler
"C:/ti/ccsv8/tools/compiler/c6000_7.4.23/bin/cl6x" -mv6700 --abi=coffabi -g --include_path="H:/RTDSPlab/lab2/Sine_wave_generator" --include_path="C:/ti/ccsv8/tools/compiler/c6000_7.4.23/include" --include_path="H:/RTDSPlab/lab2/Sine_wave_generator/Debug" --include_path="C:/ti/bios_5_42_02_10/packages/ti/bios/include" --include_path="C:/ti/bios_5_42_02_10/packages/ti/rtdx/include/c6000" --include_path="C:/ti/ccsv8/C6000/dsk6713/include" --include_path="C:/ti/ccsv8/C6000/csl/include" --define=c6713 --define="_DEBUG" --define="CHIP_6713" --diag_wrap=off --display_error_number --diag_warning=225 --preproc_with_compile --preproc_dependency="sine.d_raw"  "../sine.c"
"../sine.c", line 112: warning #225-D: function declared implicitly
Finished building: "../sine.c"
 
Building target: "Sine_wave_generator.out"
Invoking: C6000 Linker
"C:/ti/ccsv8/tools/compiler/c6000_7.4.23/bin/cl6x" -mv6700 --abi=coffabi -g --define=c6713 --define="_DEBUG" --define="CHIP_6713" --diag_wrap=off --display_error_number --diag_warning=225 -z --stack_size=0x800 -m"Sine_wave_generator.map" --heap_size=0x800 -i"C:/ti/ccsv8/tools/compiler/c6000_7.4.23/lib" -i"C:/ti/ccsv8/tools/compiler/c6000_7.4.23/include" -i"C:/ti/bios_5_42_02_10/packages/ti/rtdx/lib/c6000" -i"C:/ti/bios_5_42_02_10/packages/ti/bios/lib" --reread_libs --display_error_number --warn_sections --diag_wrap=off --xml_link_info="Sine_wave_generator_linkInfo.xml" --rom_model -o "Sine_wave_generator.out" "./dsp_bios_cfg.obj" "./dsp_bios_cfg_c.obj" "./sine.obj" -l"./dsp_bios_cfg.cmd" -lrts6700.lib -l"C:/ti/ccsv8/C6000/csl/lib/csl6713.lib" -l"C:/ti/ccsv8/C6000/dsk6713/lib/dsk6713bslccsv4.lib" 
<Linking>
 
 undefined  first referenced
 
  symbol        in file     
>> Compilation failure
makefile:144: recipe for target 'Sine_wave_generator.out' failed
 ---------  ----------------
 _sint_init ./sine.obj      
 
error #10234-D: unresolved symbols remain
error #10010: errors encountered during linking; "Sine_wave_generator.out" not built
gmake[1]: *** [Sine_wave_generator.out] Error 1
gmake: *** [all] Error 2
makefile:140: recipe for target 'all' failed

**** Build Finished ****

**** Build of configuration Debug for project Sine_wave_generator ****

"C:\\ti\\ccsv8\\utils\\bin\\gmake" -k -j 8 all -O 
 
Building target: "Sine_wave_generator.out"
Invoking: C6000 Linker
"C:/ti/ccsv8/tools/compiler/c6000_7.4.23/bin/cl6x" -mv6700 --abi=coffabi -g --define=c6713 --define="_DEBUG" --define="CHIP_6713" --diag_wrap=off --display_error_number --diag_warning=225 -z --stack_size=0x800 -m"Sine_wave_generator.map" --heap_size=0x800 -i"C:/ti/ccsv8/tools/compiler/c6000_7.4.23/lib" -i"C:/ti/ccsv8/tools/compiler/c6000_7.4.23/include" -i"C:/ti/bios_5_42_02_10/packages/ti/rtdx/lib/c6000" -i"C:/ti/bios_5_42_02_10/packages/ti/bios/lib" --reread_libs --display_error_number --warn_sections --diag_wrap=off --xml_link_info="Sine_wave_generator_linkInfo.xml" --rom_model -o "Sine_wave_generator.out" "./dsp_bios_cfg.obj" "./dsp_bios_cfg_c.obj" "./sine.obj" -l"./dsp_bios_cfg.cmd" -lrts6700.lib -l"C:/ti/ccsv8/C6000/csl/lib/csl6713.lib" -l"C:/ti/ccsv8/C6000/dsk6713/lib/dsk6713bslccsv4.lib" 
<Linking>
 
 undefined  first referenced
 
  symbol        in file     
>> Compilation failure
makefile:144: recipe for target 'Sine_wave_generator.out' failed
 ---------  ----------------
 _sint_init ./sine.obj      
 
error #10234-D: unresolved symbols remain
error #10010: errors encountered during linking; "Sine_wave_generator.out" not built
gmake[1]: *** [Sine_wave_generator.out] Error 1
gmake: *** [all] Error 2
makefile:140: recipe for target 'all' failed

**** Build Finished ****

**** Build of configuration Debug for project Sine_wave_generator ****

"C:\\ti\\ccsv8\\utils\\bin\\gmake" -k -j 8 all -O 
 
Building target: "Sine_wave_generator.out"
Invoking: C6000 Linker
"C:/ti/ccsv8/tools/compiler/c6000_7.4.23/bin/cl6x" -mv6700 --abi=coffabi -g --define=c6713 --define="_DEBUG" --define="CHIP_6713" --diag_wrap=off --display_error_number --diag_warning=225 -z --stack_size=0x800 -m"Sine_wave_generator.map" --heap_size=0x800 -i"C:/ti/ccsv8/tools/compiler/c6000_7.4.23/lib" -i"C:/ti/ccsv8/tools/compiler/c6000_7.4.23/include" -i"C:/ti/bios_5_42_02_10/packages/ti/rtdx/lib/c6000" -i"C:/ti/bios_5_42_02_10/packages/ti/bios/lib" --reread_libs --display_error_number --warn_sections --diag_wrap=off --xml_link_info="Sine_wave_generator_linkInfo.xml" --rom_model -o "Sine_wave_generator.out" "./dsp_bios_cfg.obj" "./dsp_bios_cfg_c.obj" "./sine.obj" -l"./dsp_bios_cfg.cmd" -lrts6700.lib -l"C:/ti/ccsv8/C6000/csl/lib/csl6713.lib" -l"C:/ti/ccsv8/C6000/dsk6713/lib/dsk6713bslccsv4.lib" 
<Linking>
 
 undefined  first referenced
  symbol        in file     
 
 ---------  ----------------
>> Compilation failure
makefile:144: recipe for target 'Sine_wave_generator.out' failed
 _sint_init ./sine.obj      
 
error #10234-D: unresolved symbols remain
error #10010: errors encountered during linking; "Sine_wave_generator.out" not built
gmake[1]: *** [Sine_wave_generator.out] Error 1
gmake: *** [all] Error 2
makefile:140: recipe for target 'all' failed

**** Build Finished ****

**** Build of configuration Debug for project Sine_wave_generator ****

"C:\\ti\\ccsv8\\utils\\bin\\gmake" -k -j 8 all -O 
 
Building file: "../sine.c"
Invoking: C6000 Compiler
"C:/ti/ccsv8/tools/compiler/c6000_7.4.23/bin/cl6x" -mv6700 --abi=coffabi -g --include_path="H:/RTDSPlab/lab2/Sine_wave_generator" --include_path="C:/ti/ccsv8/tools/compiler/c6000_7.4.23/include" --include_path="H:/RTDSPlab/lab2/Sine_wave_generator/Debug" --include_path="C:/ti/bios_5_42_02_10/packages/ti/bios/include" --include_path="C:/ti/bios_5_42_02_10/packages/ti/rtdx/include/c6000" --include_path="C:/ti/ccsv8/C6000/dsk6713/include" --include_path="C:/ti/ccsv8/C6000/csl/include" --define=c6713 --define="_DEBUG" --define="CHIP_6713" --diag_wrap=off --display_error_number --diag_warning=225 --preproc_with_compile --preproc_dependency="sine.d_raw"  "../sine.c"
 
>> Compilation failure
subdir_rules.mk:40: recipe for target 'sine.obj' failed
"../sine.c", line 112: warning #225-D: function declared implicitly
"../sine.c", line 185: error #161: declaration is incompatible with previous "sine_init" (declared at line 112)
1 error detected in the compilation of "../sine.c".
gmake: *** [sine.obj] Error 1
gmake: Target 'all' not remade because of errors.

**** Build Finished ****

**** Build of configuration Debug for project Sine_wave_generator ****

"C:\\ti\\ccsv8\\utils\\bin\\gmake" -k -j 8 all -O 
 
Building file: "../sine.c"
Invoking: C6000 Compiler
"C:/ti/ccsv8/tools/compiler/c6000_7.4.23/bin/cl6x" -mv6700 --abi=coffabi -g --include_path="H:/RTDSPlab/lab2/Sine_wave_generator" --include_path="C:/ti/ccsv8/tools/compiler/c6000_7.4.23/include" --include_path="H:/RTDSPlab/lab2/Sine_wave_generator/Debug" --include_path="C:/ti/bios_5_42_02_10/packages/ti/bios/include" --include_path="C:/ti/bios_5_42_02_10/packages/ti/rtdx/include/c6000" --include_path="C:/ti/ccsv8/C6000/dsk6713/include" --include_path="C:/ti/ccsv8/C6000/csl/include" --define=c6713 --define="_DEBUG" --define="CHIP_6713" --diag_wrap=off --display_error_number --diag_warning=225 --preproc_with_compile --preproc_dependency="sine.d_raw"  "../sine.c"
Finished building: "../sine.c"
 
Building target: "Sine_wave_generator.out"
Invoking: C6000 Linker
"C:/ti/ccsv8/tools/compiler/c6000_7.4.23/bin/cl6x" -mv6700 --abi=coffabi -g --define=c6713 --define="_DEBUG" --define="CHIP_6713" --diag_wrap=off --display_error_number --diag_warning=225 -z --stack_size=0x800 -m"Sine_wave_generator.map" --heap_size=0x800 -i"C:/ti/ccsv8/tools/compiler/c6000_7.4.23/lib" -i"C:/ti/ccsv8/tools/compiler/c6000_7.4.23/include" -i"C:/ti/bios_5_42_02_10/packages/ti/rtdx/lib/c6000" -i"C:/ti/bios_5_42_02_10/packages/ti/bios/lib" --reread_libs --display_error_number --warn_sections --diag_wrap=off --xml_link_info="Sine_wave_generator_linkInfo.xml" --rom_model -o "Sine_wave_generator.out" "./dsp_bios_cfg.obj" "./dsp_bios_cfg_c.obj" "./sine.obj" -l"./dsp_bios_cfg.cmd" -lrts6700.lib -l"C:/ti/ccsv8/C6000/csl/lib/csl6713.lib" -l"C:/ti/ccsv8/C6000/dsk6713/lib/dsk6713bslccsv4.lib" 
<Linking>
Finished building target: "Sine_wave_generator.out"
 

**** Build Finished ****

**** Build of configuration Debug for project Sine_wave_generator ****

"C:\\ti\\ccsv8\\utils\\bin\\gmake" -k -j 8 all -O 
 
gmake[1]: 'Sine_wave_generator.out' is up to date.

**** Build Finished ****

**** Build of configuration Debug for project Sine_wave_generator ****

"C:\\ti\\ccsv8\\utils\\bin\\gmake" -k -j 8 all -O 
 
Building file: "../sine.c"
Invoking: C6000 Compiler
"C:/ti/ccsv8/tools/compiler/c6000_7.4.23/bin/cl6x" -mv6700 --abi=coffabi -g --include_path="H:/RTDSPlab/lab2/Sine_wave_generator" --include_path="C:/ti/ccsv8/tools/compiler/c6000_7.4.23/include" --include_path="H:/RTDSPlab/lab2/Sine_wave_generator/Debug" --include_path="C:/ti/bios_5_42_02_10/packages/ti/bios/include" --include_path="C:/ti/bios_5_42_02_10/packages/ti/rtdx/include/c6000" --include_path="C:/ti/ccsv8/C6000/dsk6713/include" --include_path="C:/ti/ccsv8/C6000/csl/include" --define=c6713 --define="_DEBUG" --define="CHIP_6713" --diag_wrap=off --display_error_number --diag_warning=225 --preproc_with_compile --preproc_dependency="sine.d_raw"  "../sine.c"
Finished building: "../sine.c"
 
Building target: "Sine_wave_generator.out"
Invoking: C6000 Linker
"C:/ti/ccsv8/tools/compiler/c6000_7.4.23/bin/cl6x" -mv6700 --abi=coffabi -g --define=c6713 --define="_DEBUG" --define="CHIP_6713" --diag_wrap=off --display_error_number --diag_warning=225 -z --stack_size=0x800 -m"Sine_wave_generator.map" --heap_size=0x800 -i"C:/ti/ccsv8/tools/compiler/c6000_7.4.23/lib" -i"C:/ti/ccsv8/tools/compiler/c6000_7.4.23/include" -i"C:/ti/bios_5_42_02_10/packages/ti/rtdx/lib/c6000" -i"C:/ti/bios_5_42_02_10/packages/ti/bios/lib" --reread_libs --display_error_number --warn_sections --diag_wrap=off --xml_link_info="Sine_wave_generator_linkInfo.xml" --rom_model -o "Sine_wave_generator.out" "./dsp_bios_cfg.obj" "./dsp_bios_cfg_c.obj" "./sine.obj" -l"./dsp_bios_cfg.cmd" -lrts6700.lib -l"C:/ti/ccsv8/C6000/csl/lib/csl6713.lib" -l"C:/ti/ccsv8/C6000/dsk6713/lib/dsk6713bslccsv4.lib" 
<Linking>
Finished building target: "Sine_wave_generator.out"
 

**** Build Finished ****

**** Build of configuration Debug for project Sine_wave_generator ****

"C:\\ti\\ccsv8\\utils\\bin\\gmake" -k -j 8 all -O 
 
Building file: "../sine.c"
Invoking: C6000 Compiler
"C:/ti/ccsv8/tools/compiler/c6000_7.4.23/bin/cl6x" -mv6700 --abi=coffabi -g --include_path="H:/RTDSPlab/lab2/Sine_wave_generator" --include_path="C:/ti/ccsv8/tools/compiler/c6000_7.4.23/include" --include_path="H:/RTDSPlab/lab2/Sine_wave_generator/Debug" --include_path="C:/ti/bios_5_42_02_10/packages/ti/bios/include" --include_path="C:/ti/bios_5_42_02_10/packages/ti/rtdx/include/c6000" --include_path="C:/ti/ccsv8/C6000/dsk6713/include" --include_path="C:/ti/ccsv8/C6000/csl/include" --define=c6713 --define="_DEBUG" --define="CHIP_6713" --diag_wrap=off --display_error_number --diag_warning=225 --preproc_with_compile --preproc_dependency="sine.d_raw"  "../sine.c"
Finished building: "../sine.c"
 
Building target: "Sine_wave_generator.out"
Invoking: C6000 Linker
"C:/ti/ccsv8/tools/compiler/c6000_7.4.23/bin/cl6x" -mv6700 --abi=coffabi -g --define=c6713 --define="_DEBUG" --define="CHIP_6713" --diag_wrap=off --display_error_number --diag_warning=225 -z --stack_size=0x800 -m"Sine_wave_generator.map" --heap_size=0x800 -i"C:/ti/ccsv8/tools/compiler/c6000_7.4.23/lib" -i"C:/ti/ccsv8/tools/compiler/c6000_7.4.23/include" -i"C:/ti/bios_5_42_02_10/packages/ti/rtdx/lib/c6000" -i"C:/ti/bios_5_42_02_10/packages/ti/bios/lib" --reread_libs --display_error_number --warn_sections --diag_wrap=off --xml_link_info="Sine_wave_generator_linkInfo.xml" --rom_model -o "Sine_wave_generator.out" "./dsp_bios_cfg.obj" "./dsp_bios_cfg_c.obj" "./sine.obj" -l"./dsp_bios_cfg.cmd" -lrts6700.lib -l"C:/ti/ccsv8/C6000/csl/lib/csl6713.lib" -l"C:/ti/ccsv8/C6000/dsk6713/lib/dsk6713bslccsv4.lib" 
<Linking>
Finished building target: "Sine_wave_generator.out"
 

**** Build Finished ****

**** Build of configuration Debug for project Sine_wave_generator ****

"C:\\ti\\ccsv8\\utils\\bin\\gmake" -k -j 8 all -O 
 
Building file: "../sine.c"
Invoking: C6000 Compiler
"C:/ti/ccsv8/tools/compiler/c6000_7.4.23/bin/cl6x" -mv6700 --abi=coffabi -g --include_path="H:/RTDSPlab/lab2/Sine_wave_generator" --include_path="C:/ti/ccsv8/tools/compiler/c6000_7.4.23/include" --include_path="H:/RTDSPlab/lab2/Sine_wave_generator/Debug" --include_path="C:/ti/bios_5_42_02_10/packages/ti/bios/include" --include_path="C:/ti/bios_5_42_02_10/packages/ti/rtdx/include/c6000" --include_path="C:/ti/ccsv8/C6000/dsk6713/include" --include_path="C:/ti/ccsv8/C6000/csl/include" --define=c6713 --define="_DEBUG" --define="CHIP_6713" --diag_wrap=off --display_error_number --diag_warning=225 --preproc_with_compile --preproc_dependency="sine.d_raw"  "../sine.c"
 
>> Compilation failure
subdir_rules.mk:40: recipe for target 'sine.obj' failed
"../sine.c", line 190: error #18: expected a ")"
1 error detected in the compilation of "../sine.c".
gmake: *** [sine.obj] Error 1
gmake: Target 'all' not remade because of errors.

**** Build Finished ****

**** Build of configuration Debug for project Sine_wave_generator ****

"C:\\ti\\ccsv8\\utils\\bin\\gmake" -k -j 8 all -O 
 
Building file: "../sine.c"
Invoking: C6000 Compiler
"C:/ti/ccsv8/tools/compiler/c6000_7.4.23/bin/cl6x" -mv6700 --abi=coffabi -g --include_path="H:/RTDSPlab/lab2/Sine_wave_generator" --include_path="C:/ti/ccsv8/tools/compiler/c6000_7.4.23/include" --include_path="H:/RTDSPlab/lab2/Sine_wave_generator/Debug" --include_path="C:/ti/bios_5_42_02_10/packages/ti/bios/include" --include_path="C:/ti/bios_5_42_02_10/packages/ti/rtdx/include/c6000" --include_path="C:/ti/ccsv8/C6000/dsk6713/include" --include_path="C:/ti/ccsv8/C6000/csl/include" --define=c6713 --define="_DEBUG" --define="CHIP_6713" --diag_wrap=off --display_error_number --diag_warning=225 --preproc_with_compile --preproc_dependency="sine.d_raw"  "../sine.c"
Finished building: "../sine.c"
 
Building target: "Sine_wave_generator.out"
Invoking: C6000 Linker
"C:/ti/ccsv8/tools/compiler/c6000_7.4.23/bin/cl6x" -mv6700 --abi=coffabi -g --define=c6713 --define="_DEBUG" --define="CHIP_6713" --diag_wrap=off --display_error_number --diag_warning=225 -z --stack_size=0x800 -m"Sine_wave_generator.map" --heap_size=0x800 -i"C:/ti/ccsv8/tools/compiler/c6000_7.4.23/lib" -i"C:/ti/ccsv8/tools/compiler/c6000_7.4.23/include" -i"C:/ti/bios_5_42_02_10/packages/ti/rtdx/lib/c6000" -i"C:/ti/bios_5_42_02_10/packages/ti/bios/lib" --reread_libs --display_error_number --warn_sections --diag_wrap=off --xml_link_info="Sine_wave_generator_linkInfo.xml" --rom_model -o "Sine_wave_generator.out" "./dsp_bios_cfg.obj" "./dsp_bios_cfg_c.obj" "./sine.obj" -l"./dsp_bios_cfg.cmd" -lrts6700.lib -l"C:/ti/ccsv8/C6000/csl/lib/csl6713.lib" -l"C:/ti/ccsv8/C6000/dsk6713/lib/dsk6713bslccsv4.lib" 
<Linking>
Finished building target: "Sine_wave_generator.out"
 

**** Build Finished ****

**** Build of configuration Debug for project Sine_wave_generator ****

"C:\\ti\\ccsv8\\utils\\bin\\gmake" -k -j 8 all -O 
 
Building file: "../sine.c"
Invoking: C6000 Compiler
"C:/ti/ccsv8/tools/compiler/c6000_7.4.23/bin/cl6x" -mv6700 --abi=coffabi -g --include_path="H:/RTDSPlab/lab2/Sine_wave_generator" --include_path="C:/ti/ccsv8/tools/compiler/c6000_7.4.23/include" --include_path="H:/RTDSPlab/lab2/Sine_wave_generator/Debug" --include_path="C:/ti/bios_5_42_02_10/packages/ti/bios/include" --include_path="C:/ti/bios_5_42_02_10/packages/ti/rtdx/include/c6000" --include_path="C:/ti/ccsv8/C6000/dsk6713/include" --include_path="C:/ti/ccsv8/C6000/csl/include" --define=c6713 --define="_DEBUG" --define="CHIP_6713" --diag_wrap=off --display_error_number --diag_warning=225 --preproc_with_compile --preproc_dependency="sine.d_raw"  "../sine.c"
Finished building: "../sine.c"
 
Building target: "Sine_wave_generator.out"
Invoking: C6000 Linker
"C:/ti/ccsv8/tools/compiler/c6000_7.4.23/bin/cl6x" -mv6700 --abi=coffabi -g --define=c6713 --define="_DEBUG" --define="CHIP_6713" --diag_wrap=off --display_error_number --diag_warning=225 -z --stack_size=0x800 -m"Sine_wave_generator.map" --heap_size=0x800 -i"C:/ti/ccsv8/tools/compiler/c6000_7.4.23/lib" -i"C:/ti/ccsv8/tools/compiler/c6000_7.4.23/include" -i"C:/ti/bios_5_42_02_10/packages/ti/rtdx/lib/c6000" -i"C:/ti/bios_5_42_02_10/packages/ti/bios/lib" --reread_libs --display_error_number --warn_sections --diag_wrap=off --xml_link_info="Sine_wave_generator_linkInfo.xml" --rom_model -o "Sine_wave_generator.out" "./dsp_bios_cfg.obj" "./dsp_bios_cfg_c.obj" "./sine.obj" -l"./dsp_bios_cfg.cmd" -lrts6700.lib -l"C:/ti/ccsv8/C6000/csl/lib/csl6713.lib" -l"C:/ti/ccsv8/C6000/dsk6713/lib/dsk6713bslccsv4.lib" 
<Linking>
Finished building target: "Sine_wave_generator.out"
 

**** Build Finished ****

**** Build of configuration Debug for project Sine_wave_generator ****

"C:\\ti\\ccsv8\\utils\\bin\\gmake" -k -j 8 all -O 
 
Building file: "../sine.c"
Invoking: C6000 Compiler
"C:/ti/ccsv8/tools/compiler/c6000_7.4.23/bin/cl6x" -mv6700 --abi=coffabi -g --include_path="H:/RTDSPlab/lab2/Sine_wave_generator" --include_path="C:/ti/ccsv8/tools/compiler/c6000_7.4.23/include" --include_path="H:/RTDSPlab/lab2/Sine_wave_generator/Debug" --include_path="C:/ti/bios_5_42_02_10/packages/ti/bios/include" --include_path="C:/ti/bios_5_42_02_10/packages/ti/rtdx/include/c6000" --include_path="C:/ti/ccsv8/C6000/dsk6713/include" --include_path="C:/ti/ccsv8/C6000/csl/include" --define=c6713 --define="_DEBUG" --define="CHIP_6713" --diag_wrap=off --display_error_number --diag_warning=225 --preproc_with_compile --preproc_dependency="sine.d_raw"  "../sine.c"
Finished building: "../sine.c"
 
Building target: "Sine_wave_generator.out"
Invoking: C6000 Linker
"C:/ti/ccsv8/tools/compiler/c6000_7.4.23/bin/cl6x" -mv6700 --abi=coffabi -g --define=c6713 --define="_DEBUG" --define="CHIP_6713" --diag_wrap=off --display_error_number --diag_warning=225 -z --stack_size=0x800 -m"Sine_wave_generator.map" --heap_size=0x800 -i"C:/ti/ccsv8/tools/compiler/c6000_7.4.23/lib" -i"C:/ti/ccsv8/tools/compiler/c6000_7.4.23/include" -i"C:/ti/bios_5_42_02_10/packages/ti/rtdx/lib/c6000" -i"C:/ti/bios_5_42_02_10/packages/ti/bios/lib" --reread_libs --display_error_number --warn_sections --diag_wrap=off --xml_link_info="Sine_wave_generator_linkInfo.xml" --rom_model -o "Sine_wave_generator.out" "./dsp_bios_cfg.obj" "./dsp_bios_cfg_c.obj" "./sine.obj" -l"./dsp_bios_cfg.cmd" -lrts6700.lib -l"C:/ti/ccsv8/C6000/csl/lib/csl6713.lib" -l"C:/ti/ccsv8/C6000/dsk6713/lib/dsk6713bslccsv4.lib" 
<Linking>
Finished building target: "Sine_wave_generator.out"
 

**** Build Finished ****

**** Build of configuration Debug for project Sine_wave_generator ****

"C:\\ti\\ccsv8\\utils\\bin\\gmake" -k -j 8 all -O 
 
Building file: "../sine.c"
Invoking: C6000 Compiler
"C:/ti/ccsv8/tools/compiler/c6000_7.4.23/bin/cl6x" -mv6700 --abi=coffabi -g --include_path="H:/RTDSPlab/lab2/Sine_wave_generator" --include_path="C:/ti/ccsv8/tools/compiler/c6000_7.4.23/include" --include_path="H:/RTDSPlab/lab2/Sine_wave_generator/Debug" --include_path="C:/ti/bios_5_42_02_10/packages/ti/bios/include" --include_path="C:/ti/bios_5_42_02_10/packages/ti/rtdx/include/c6000" --include_path="C:/ti/ccsv8/C6000/dsk6713/include" --include_path="C:/ti/ccsv8/C6000/csl/include" --define=c6713 --define="_DEBUG" --define="CHIP_6713" --diag_wrap=off --display_error_number --diag_warning=225 --preproc_with_compile --preproc_dependency="sine.d_raw"  "../sine.c"
 
>> Compilation failure
subdir_rules.mk:40: recipe for target 'sine.obj' failed
"../sine.c", line 101: error #148: declaration is incompatible with "int sine_freq" (declared at line 78)
"../sine.c", line 182: error #20: identifier "wave" is undefined
2 errors detected in the compilation of "../sine.c".
gmake: *** [sine.obj] Error 1
gmake: Target 'all' not remade because of errors.

**** Build Finished ****

**** Build of configuration Debug for project Sine_wave_generator ****

"C:\\ti\\ccsv8\\utils\\bin\\gmake" -k -j 8 all -O 
 
Building file: "../sine.c"
Invoking: C6000 Compiler
"C:/ti/ccsv8/tools/compiler/c6000_7.4.23/bin/cl6x" -mv6700 --abi=coffabi -g --include_path="H:/RTDSPlab/lab2/Sine_wave_generator" --include_path="C:/ti/ccsv8/tools/compiler/c6000_7.4.23/include" --include_path="H:/RTDSPlab/lab2/Sine_wave_generator/Debug" --include_path="C:/ti/bios_5_42_02_10/packages/ti/bios/include" --include_path="C:/ti/bios_5_42_02_10/packages/ti/rtdx/include/c6000" --include_path="C:/ti/ccsv8/C6000/dsk6713/include" --include_path="C:/ti/ccsv8/C6000/csl/include" --define=c6713 --define="_DEBUG" --define="CHIP_6713" --diag_wrap=off --display_error_number --diag_warning=225 --preproc_with_compile --preproc_dependency="sine.d_raw"  "../sine.c"
 
>> Compilation failure
subdir_rules.mk:40: recipe for target 'sine.obj' failed
"../sine.c", line 181: error #20: identifier "wave" is undefined
1 error detected in the compilation of "../sine.c".
gmake: *** [sine.obj] Error 1
gmake: Target 'all' not remade because of errors.

**** Build Finished ****

**** Build of configuration Debug for project Sine_wave_generator ****

"C:\\ti\\ccsv8\\utils\\bin\\gmake" -k -j 8 all -O 
 
Building file: "../sine.c"
Invoking: C6000 Compiler
"C:/ti/ccsv8/tools/compiler/c6000_7.4.23/bin/cl6x" -mv6700 --abi=coffabi -g --include_path="H:/RTDSPlab/lab2/Sine_wave_generator" --include_path="C:/ti/ccsv8/tools/compiler/c6000_7.4.23/include" --include_path="H:/RTDSPlab/lab2/Sine_wave_generator/Debug" --include_path="C:/ti/bios_5_42_02_10/packages/ti/bios/include" --include_path="C:/ti/bios_5_42_02_10/packages/ti/rtdx/include/c6000" --include_path="C:/ti/ccsv8/C6000/dsk6713/include" --include_path="C:/ti/ccsv8/C6000/csl/include" --define=c6713 --define="_DEBUG" --define="CHIP_6713" --diag_wrap=off --display_error_number --diag_warning=225 --preproc_with_compile --preproc_dependency="sine.d_raw"  "../sine.c"
Finished building: "../sine.c"
 
Building target: "Sine_wave_generator.out"
Invoking: C6000 Linker
"C:/ti/ccsv8/tools/compiler/c6000_7.4.23/bin/cl6x" -mv6700 --abi=coffabi -g --define=c6713 --define="_DEBUG" --define="CHIP_6713" --diag_wrap=off --display_error_number --diag_warning=225 -z --stack_size=0x800 -m"Sine_wave_generator.map" --heap_size=0x800 -i"C:/ti/ccsv8/tools/compiler/c6000_7.4.23/lib" -i"C:/ti/ccsv8/tools/compiler/c6000_7.4.23/include" -i"C:/ti/bios_5_42_02_10/packages/ti/rtdx/lib/c6000" -i"C:/ti/bios_5_42_02_10/packages/ti/bios/lib" --reread_libs --display_error_number --warn_sections --diag_wrap=off --xml_link_info="Sine_wave_generator_linkInfo.xml" --rom_model -o "Sine_wave_generator.out" "./dsp_bios_cfg.obj" "./dsp_bios_cfg_c.obj" "./sine.obj" -l"./dsp_bios_cfg.cmd" -lrts6700.lib -l"C:/ti/ccsv8/C6000/csl/lib/csl6713.lib" -l"C:/ti/ccsv8/C6000/dsk6713/lib/dsk6713bslccsv4.lib" 
<Linking>
Finished building target: "Sine_wave_generator.out"
 

**** Build Finished ****

**** Build of configuration Debug for project Sine_wave_generator ****

"C:\\ti\\ccsv8\\utils\\bin\\gmake" -k -j 8 all -O 
 
gmake[1]: 'Sine_wave_generator.out' is up to date.

**** Build Finished ****

**** Build of configuration Debug for project Sine_wave_generator ****

"C:\\ti\\ccsv8\\utils\\bin\\gmake" -k -j 8 all -O 
 
Building file: "../sine.c"
Invoking: C6000 Compiler
"C:/ti/ccsv8/tools/compiler/c6000_7.4.23/bin/cl6x" -mv6700 --abi=coffabi -g --include_path="H:/RTDSPlab/lab2/Sine_wave_generator" --include_path="C:/ti/ccsv8/tools/compiler/c6000_7.4.23/include" --include_path="H:/RTDSPlab/lab2/Sine_wave_generator/Debug" --include_path="C:/ti/bios_5_42_02_10/packages/ti/bios/include" --include_path="C:/ti/bios_5_42_02_10/packages/ti/rtdx/include/c6000" --include_path="C:/ti/ccsv8/C6000/dsk6713/include" --include_path="C:/ti/ccsv8/C6000/csl/include" --define=c6713 --define="_DEBUG" --define="CHIP_6713" --diag_wrap=off --display_error_number --diag_warning=225 --preproc_with_compile --preproc_dependency="sine.d_raw"  "../sine.c"
Finished building: "../sine.c"
 
Building target: "Sine_wave_generator.out"
Invoking: C6000 Linker
"C:/ti/ccsv8/tools/compiler/c6000_7.4.23/bin/cl6x" -mv6700 --abi=coffabi -g --define=c6713 --define="_DEBUG" --define="CHIP_6713" --diag_wrap=off --display_error_number --diag_warning=225 -z --stack_size=0x800 -m"Sine_wave_generator.map" --heap_size=0x800 -i"C:/ti/ccsv8/tools/compiler/c6000_7.4.23/lib" -i"C:/ti/ccsv8/tools/compiler/c6000_7.4.23/include" -i"C:/ti/bios_5_42_02_10/packages/ti/rtdx/lib/c6000" -i"C:/ti/bios_5_42_02_10/packages/ti/bios/lib" --reread_libs --display_error_number --warn_sections --diag_wrap=off --xml_link_info="Sine_wave_generator_linkInfo.xml" --rom_model -o "Sine_wave_generator.out" "./dsp_bios_cfg.obj" "./dsp_bios_cfg_c.obj" "./sine.obj" -l"./dsp_bios_cfg.cmd" -lrts6700.lib -l"C:/ti/ccsv8/C6000/csl/lib/csl6713.lib" -l"C:/ti/ccsv8/C6000/dsk6713/lib/dsk6713bslccsv4.lib" 
<Linking>
Finished building target: "Sine_wave_generator.out"
 

**** Build Finished ****

**** Build of configuration Debug for project Sine_wave_generator ****

"C:\\ti\\ccsv8\\utils\\bin\\gmake" -k -j 8 all -O 
 
gmake[1]: 'Sine_wave_generator.out' is up to date.

**** Build Finished ****

**** Build of configuration Debug for project Sine_wave_generator ****

"C:\\ti\\ccsv8\\utils\\bin\\gmake" -k -j 8 all -O 
 
gmake[1]: 'Sine_wave_generator.out' is up to date.

**** Build Finished ****

**** Build of configuration Debug for project Sine_wave_generator ****

"C:\\ti\\ccsv8\\utils\\bin\\gmake" -k -j 8 all -O 
 
Building file: "../sine.c"
Invoking: C6000 Compiler
"C:/ti/ccsv8/tools/compiler/c6000_7.4.23/bin/cl6x" -mv6700 --abi=coffabi -g --include_path="H:/RTDSPlab/lab2/Sine_wave_generator" --include_path="C:/ti/ccsv8/tools/compiler/c6000_7.4.23/include" --include_path="H:/RTDSPlab/lab2/Sine_wave_generator/Debug" --include_path="C:/ti/bios_5_42_02_10/packages/ti/bios/include" --include_path="C:/ti/bios_5_42_02_10/packages/ti/rtdx/include/c6000" --include_path="C:/ti/ccsv8/C6000/dsk6713/include" --include_path="C:/ti/ccsv8/C6000/csl/include" --define=c6713 --define="_DEBUG" --define="CHIP_6713" --diag_wrap=off --display_error_number --diag_warning=225 --preproc_with_compile --preproc_dependency="sine.d_raw"  "../sine.c"
Finished building: "../sine.c"
 
Building target: "Sine_wave_generator.out"
Invoking: C6000 Linker
"C:/ti/ccsv8/tools/compiler/c6000_7.4.23/bin/cl6x" -mv6700 --abi=coffabi -g --define=c6713 --define="_DEBUG" --define="CHIP_6713" --diag_wrap=off --display_error_number --diag_warning=225 -z --stack_size=0x800 -m"Sine_wave_generator.map" --heap_size=0x800 -i"C:/ti/ccsv8/tools/compiler/c6000_7.4.23/lib" -i"C:/ti/ccsv8/tools/compiler/c6000_7.4.23/include" -i"C:/ti/bios_5_42_02_10/packages/ti/rtdx/lib/c6000" -i"C:/ti/bios_5_42_02_10/packages/ti/bios/lib" --reread_libs --display_error_number --warn_sections --diag_wrap=off --xml_link_info="Sine_wave_generator_linkInfo.xml" --rom_model -o "Sine_wave_generator.out" "./dsp_bios_cfg.obj" "./dsp_bios_cfg_c.obj" "./sine.obj" -l"./dsp_bios_cfg.cmd" -lrts6700.lib -l"C:/ti/ccsv8/C6000/csl/lib/csl6713.lib" -l"C:/ti/ccsv8/C6000/dsk6713/lib/dsk6713bslccsv4.lib" 
<Linking>
Finished building target: "Sine_wave_generator.out"
 

**** Build Finished ****

**** Build of configuration Debug for project Sine_wave_generator ****

"C:\\ti\\ccsv8\\utils\\bin\\gmake" -k -j 8 all -O 
 
gmake[1]: 'Sine_wave_generator.out' is up to date.

**** Build Finished ****

**** Build of configuration Debug for project Sine_wave_generator ****

"C:\\ti\\ccsv8\\utils\\bin\\gmake" -k -j 8 all -O 
 
Building file: "../sine.c"
Invoking: C6000 Compiler
"C:/ti/ccsv8/tools/compiler/c6000_7.4.23/bin/cl6x" -mv6700 --abi=coffabi -g --include_path="H:/RTDSPlab/lab2/Sine_wave_generator" --include_path="C:/ti/ccsv8/tools/compiler/c6000_7.4.23/include" --include_path="H:/RTDSPlab/lab2/Sine_wave_generator/Debug" --include_path="C:/ti/bios_5_42_02_10/packages/ti/bios/include" --include_path="C:/ti/bios_5_42_02_10/packages/ti/rtdx/include/c6000" --include_path="C:/ti/ccsv8/C6000/dsk6713/include" --include_path="C:/ti/ccsv8/C6000/csl/include" --define=c6713 --define="_DEBUG" --define="CHIP_6713" --diag_wrap=off --display_error_number --diag_warning=225 --preproc_with_compile --preproc_dependency="sine.d_raw"  "../sine.c"
Finished building: "../sine.c"
 
Building target: "Sine_wave_generator.out"
Invoking: C6000 Linker
"C:/ti/ccsv8/tools/compiler/c6000_7.4.23/bin/cl6x" -mv6700 --abi=coffabi -g --define=c6713 --define="_DEBUG" --define="CHIP_6713" --diag_wrap=off --display_error_number --diag_warning=225 -z --stack_size=0x800 -m"Sine_wave_generator.map" --heap_size=0x800 -i"C:/ti/ccsv8/tools/compiler/c6000_7.4.23/lib" -i"C:/ti/ccsv8/tools/compiler/c6000_7.4.23/include" -i"C:/ti/bios_5_42_02_10/packages/ti/rtdx/lib/c6000" -i"C:/ti/bios_5_42_02_10/packages/ti/bios/lib" --reread_libs --display_error_number --warn_sections --diag_wrap=off --xml_link_info="Sine_wave_generator_linkInfo.xml" --rom_model -o "Sine_wave_generator.out" "./dsp_bios_cfg.obj" "./dsp_bios_cfg_c.obj" "./sine.obj" -l"./dsp_bios_cfg.cmd" -lrts6700.lib -l"C:/ti/ccsv8/C6000/csl/lib/csl6713.lib" -l"C:/ti/ccsv8/C6000/dsk6713/lib/dsk6713bslccsv4.lib" 
<Linking>
Finished building target: "Sine_wave_generator.out"
 

**** Build Finished ****

**** Build of configuration Debug for project Sine_wave_generator ****

"C:\\ti\\ccsv8\\utils\\bin\\gmake" -k -j 8 all -O 
 
Building file: "../sine.c"
Invoking: C6000 Compiler
"C:/ti/ccsv8/tools/compiler/c6000_7.4.23/bin/cl6x" -mv6700 --abi=coffabi -g --include_path="H:/RTDSPlab/lab2/Sine_wave_generator" --include_path="C:/ti/ccsv8/tools/compiler/c6000_7.4.23/include" --include_path="H:/RTDSPlab/lab2/Sine_wave_generator/Debug" --include_path="C:/ti/bios_5_42_02_10/packages/ti/bios/include" --include_path="C:/ti/bios_5_42_02_10/packages/ti/rtdx/include/c6000" --include_path="C:/ti/ccsv8/C6000/dsk6713/include" --include_path="C:/ti/ccsv8/C6000/csl/include" --define=c6713 --define="_DEBUG" --define="CHIP_6713" --diag_wrap=off --display_error_number --diag_warning=225 --preproc_with_compile --preproc_dependency="sine.d_raw"  "../sine.c"
 
>> Compilation failure
subdir_rules.mk:40: recipe for target 'sine.obj' failed
"../sine.c", line 181: error #31: expression must have integral type
1 error detected in the compilation of "../sine.c".
gmake: *** [sine.obj] Error 1
gmake: Target 'all' not remade because of errors.

**** Build Finished ****

**** Build of configuration Debug for project Sine_wave_generator ****

"C:\\ti\\ccsv8\\utils\\bin\\gmake" -k -j 8 all -O 
 
Building file: "../sine.c"
Invoking: C6000 Compiler
"C:/ti/ccsv8/tools/compiler/c6000_7.4.23/bin/cl6x" -mv6700 --abi=coffabi -g --include_path="H:/RTDSPlab/lab2/Sine_wave_generator" --include_path="C:/ti/ccsv8/tools/compiler/c6000_7.4.23/include" --include_path="H:/RTDSPlab/lab2/Sine_wave_generator/Debug" --include_path="C:/ti/bios_5_42_02_10/packages/ti/bios/include" --include_path="C:/ti/bios_5_42_02_10/packages/ti/rtdx/include/c6000" --include_path="C:/ti/ccsv8/C6000/dsk6713/include" --include_path="C:/ti/ccsv8/C6000/csl/include" --define=c6713 --define="_DEBUG" --define="CHIP_6713" --diag_wrap=off --display_error_number --diag_warning=225 --preproc_with_compile --preproc_dependency="sine.d_raw"  "../sine.c"
Finished building: "../sine.c"
 
Building target: "Sine_wave_generator.out"
Invoking: C6000 Linker
"C:/ti/ccsv8/tools/compiler/c6000_7.4.23/bin/cl6x" -mv6700 --abi=coffabi -g --define=c6713 --define="_DEBUG" --define="CHIP_6713" --diag_wrap=off --display_error_number --diag_warning=225 -z --stack_size=0x800 -m"Sine_wave_generator.map" --heap_size=0x800 -i"C:/ti/ccsv8/tools/compiler/c6000_7.4.23/lib" -i"C:/ti/ccsv8/tools/compiler/c6000_7.4.23/include" -i"C:/ti/bios_5_42_02_10/packages/ti/rtdx/lib/c6000" -i"C:/ti/bios_5_42_02_10/packages/ti/bios/lib" --reread_libs --display_error_number --warn_sections --diag_wrap=off --xml_link_info="Sine_wave_generator_linkInfo.xml" --rom_model -o "Sine_wave_generator.out" "./dsp_bios_cfg.obj" "./dsp_bios_cfg_c.obj" "./sine.obj" -l"./dsp_bios_cfg.cmd" -lrts6700.lib -l"C:/ti/ccsv8/C6000/csl/lib/csl6713.lib" -l"C:/ti/ccsv8/C6000/dsk6713/lib/dsk6713bslccsv4.lib" 
<Linking>
Finished building target: "Sine_wave_generator.out"
 

**** Build Finished ****

**** Build of configuration Debug for project Sine_wave_generator ****

"C:\\ti\\ccsv8\\utils\\bin\\gmake" -k -j 8 all -O 
 
gmake[1]: 'Sine_wave_generator.out' is up to date.

**** Build Finished ****

**** Build of configuration Debug for project Sine_wave_generator ****

"C:\\ti\\ccsv8\\utils\\bin\\gmake" -k -j 8 all -O 
 
Building file: "../sine.c"
Invoking: C6000 Compiler
"C:/ti/ccsv8/tools/compiler/c6000_7.4.23/bin/cl6x" -mv6700 --abi=coffabi -g --include_path="H:/RTDSPlab/lab2/Sine_wave_generator" --include_path="C:/ti/ccsv8/tools/compiler/c6000_7.4.23/include" --include_path="H:/RTDSPlab/lab2/Sine_wave_generator/Debug" --include_path="C:/ti/bios_5_42_02_10/packages/ti/bios/include" --include_path="C:/ti/bios_5_42_02_10/packages/ti/rtdx/include/c6000" --include_path="C:/ti/ccsv8/C6000/dsk6713/include" --include_path="C:/ti/ccsv8/C6000/csl/include" --define=c6713 --define="_DEBUG" --define="CHIP_6713" --diag_wrap=off --display_error_number --diag_warning=225 --preproc_with_compile --preproc_dependency="sine.d_raw"  "../sine.c"
Finished building: "../sine.c"
 
Building target: "Sine_wave_generator.out"
Invoking: C6000 Linker
"C:/ti/ccsv8/tools/compiler/c6000_7.4.23/bin/cl6x" -mv6700 --abi=coffabi -g --define=c6713 --define="_DEBUG" --define="CHIP_6713" --diag_wrap=off --display_error_number --diag_warning=225 -z --stack_size=0x800 -m"Sine_wave_generator.map" --heap_size=0x800 -i"C:/ti/ccsv8/tools/compiler/c6000_7.4.23/lib" -i"C:/ti/ccsv8/tools/compiler/c6000_7.4.23/include" -i"C:/ti/bios_5_42_02_10/packages/ti/rtdx/lib/c6000" -i"C:/ti/bios_5_42_02_10/packages/ti/bios/lib" --reread_libs --display_error_number --warn_sections --diag_wrap=off --xml_link_info="Sine_wave_generator_linkInfo.xml" --rom_model -o "Sine_wave_generator.out" "./dsp_bios_cfg.obj" "./dsp_bios_cfg_c.obj" "./sine.obj" -l"./dsp_bios_cfg.cmd" -lrts6700.lib -l"C:/ti/ccsv8/C6000/csl/lib/csl6713.lib" -l"C:/ti/ccsv8/C6000/dsk6713/lib/dsk6713bslccsv4.lib" 
<Linking>
Finished building target: "Sine_wave_generator.out"
 

**** Build Finished ****

**** Build of configuration Debug for project Sine_wave_generator ****

"C:\\ti\\ccsv8\\utils\\bin\\gmake" -k -j 8 all -O 
 
gmake[1]: 'Sine_wave_generator.out' is up to date.

**** Build Finished ****
